<?xml version="1.0" encoding="UTF-8"?>
<!-- Generated by org.testng.reporters.JUnitReportReporter -->
<testsuite skipped="0" hostname="MacBook-Pro.local" name="com.testng.parallel.ParallelClassesTestTwo" tests="2" failures="0" timestamp="2020-05-01T21:59:19 PDT" time="0.007" errors="0">
  <testcase name="testMethodTwo" time="0.002" classname="com.testng.parallel.ParallelClassesTestTwo"/>
  <system-out/>
  <testcase name="testMethodOne" time="0.005" classname="com.testng.parallel.ParallelClassesTestTwo"/>
  <system-out/>
</testsuite> <!-- com.testng.parallel.ParallelClassesTestTwo -->
