<?xml version="1.0" encoding="UTF-8"?>
<!-- Generated by org.testng.reporters.JUnitReportReporter -->
<testsuite skipped="0" hostname="MacBook-Pro.local" name="com.testng.TestParallelOne" tests="2" failures="0" timestamp="2020-05-01T20:55:45 PDT" time="0.012" errors="0">
  <testcase name="testCaseOne" time="0.006" classname="com.testng.TestParallelOne"/>
  <system-out/>
  <testcase name="testCaseTwo" time="0.006" classname="com.testng.TestParallelOne"/>
  <system-out/>
</testsuite> <!-- com.testng.TestParallelOne -->
