<?xml version="1.0" encoding="UTF-8"?>
<!-- Generated by org.testng.reporters.JUnitReportReporter -->
<testsuite skipped="0" hostname="MacBook-Pro.local" name="com.testng.ParallelMethodTest" tests="2" failures="0" timestamp="2020-05-01T21:55:31 PDT" time="0.008" errors="0">
  <testcase name="testMethodTwo" time="0.000" classname="com.testng.ParallelMethodTest"/>
  <system-out/>
  <testcase name="testMethodOne" time="0.008" classname="com.testng.ParallelMethodTest"/>
  <system-out/>
</testsuite> <!-- com.testng.ParallelMethodTest -->
