<?xml version="1.0" encoding="UTF-8"?>
<!-- Generated by org.testng.reporters.JUnitReportReporter -->
<testsuite skipped="0" hostname="MacBook-Pro.local" name="com.testng.testcases" tests="3" failures="0" timestamp="2020-05-01T20:52:42 PDT" time="0.006" errors="0">
  <testcase name="testcase2" time="0.001" classname="com.testng.testcases"/>
  <system-out/>
  <testcase name="testcase1" time="0.004" classname="com.testng.testcases"/>
  <system-out/>
  <testcase name="testcase3" time="0.001" classname="com.testng.testcases"/>
  <system-out/>
</testsuite> <!-- com.testng.testcases -->
