<?xml version="1.0" encoding="UTF-8"?>
<!-- Generated by org.testng.reporters.JUnitReportReporter -->
<testsuite skipped="0" hostname="MacBook-Pro.local" name="com.testng.parallel.ParallelMethodTest" tests="2" failures="0" timestamp="2020-05-01T22:04:46 PDT" time="0.008" errors="0">
  <testcase name="testMethodOne" time="0.007" classname="com.testng.parallel.ParallelMethodTest"/>
  <system-out/>
  <testcase name="testMethodTwo" time="0.001" classname="com.testng.parallel.ParallelMethodTest"/>
  <system-out/>
</testsuite> <!-- com.testng.parallel.ParallelMethodTest -->
